[debug] > Exec(early(addDefaultCommands), None, None)
[debug] > Exec(addDefaultCommands, None, None)
[debug] > Exec(early(initialize), None, None)
[debug] > Exec(initialize, None, None)
[debug] > Exec(early(addPluginSbtFile="""C:\Users\mobina\AppData\Local\Temp\idea1.sbt"""), None, None)
[debug] > Exec(addPluginSbtFile="""C:\Users\mobina\AppData\Local\Temp\idea1.sbt""", None, None)
[debug] > Exec(boot, None, None)
[debug] > Exec(writeSbtVersion, None, None)
[debug] > Exec(reload, None, None)
[debug] > Exec(sbtStashOnFailure, None, None)
[debug] > Exec(onFailure loadFailed, None, None)
[debug] > Exec(loadp, None, None)
[info] welcome to sbt 1.6.2 (Oracle Corporation Java 1.8.0_51)
[debug]       Load.loadUnit: plugins took 50.4521ms
[debug]       Load.loadUnit: defsScala took 0.1956ms
[debug] [Loading] Scanning directory C:\Users\mobina\.sbt\1.0\plugins
[debug] [Loading] Found non-root projects 
[debug] [Loading] Done in C:\Users\mobina\.sbt\1.0\plugins, returning: ()
[debug] deducing auto plugins based on known facts Set(Atom(sbt.plugins.CorePlugin)) and clauses Clauses(Clause(Atom(sbt.plugins.JvmPlugin),Set(Atom(sbt.plugins.IvyPlugin)))
[debug] Clause(Atom(sbt.ScriptedPlugin),Set(Atom(sbt.plugins.JvmPlugin)))
[debug] Clause(Atom(sbt.plugins.SbtPlugin),Set(Atom(sbt.ScriptedPlugin)))
[debug] Clause(Atom(sbt.plugins.SemanticdbPlugin),Set(Atom(sbt.plugins.JvmPlugin)))
[debug] Clause(Atom(sbt.plugins.JUnitXmlReportPlugin),Set(Atom(sbt.plugins.JvmPlugin)))
[debug] Clause(Atom(sbt.plugins.MiniDependencyTreePlugin),Set(Atom(sbt.plugins.JvmPlugin)))
[debug] Clause(Atom(sbt.plugins.CorePlugin),Set(Atom(sbt.plugins.IvyPlugin)))
[debug] Clause(Atom(sbt.plugins.IvyPlugin),Set(Atom(sbt.plugins.JvmPlugin)))
[debug] Clause(Atom(sbt.plugins.JvmPlugin),Set(Atom(sbt.plugins.SemanticdbPlugin)))
[debug] Clause(Atom(sbt.plugins.JvmPlugin),Set(Atom(sbt.plugins.JUnitXmlReportPlugin)))
[debug] Clause(Atom(sbt.plugins.CorePlugin),Set(Atom(sbt.plugins.Giter8TemplatePlugin)))
[debug] Clause(Atom(sbt.plugins.JvmPlugin),Set(Atom(sbt.plugins.MiniDependencyTreePlugin))))
[debug]   :: deduced result: Matched(sbt.plugins.CorePlugin,sbt.plugins.Giter8TemplatePlugin,sbt.plugins.IvyPlugin,sbt.plugins.JvmPlugin,sbt.plugins.MiniDependencyTreePlugin,sbt.plugins.JUnitXmlReportPlugin,sbt.plugins.SemanticdbPlugin)
[debug] Plugins.deducer#function took 8.5702 ms
[debug]           Load.resolveProject(global-plugins) took 28.395ms
[debug]         Load.loadTransitive: finalizeProject(Project(id global-plugins, base: C:\Users\mobina\.sbt\1.0\plugins, plugins: List(<none>))) took 51.9121ms
[debug] [Loading] Done in C:\Users\mobina\.sbt\1.0\plugins, returning: (global-plugins)
[debug]       Load.loadUnit: loadedProjectsRaw took 64.2964ms
[debug]       Load.loadUnit: cleanEvalClasses took 0.1441ms
[debug]     Load.loadUnit(file:/C:/Users/mobina/.sbt/1.0/plugins/, ...) took 119.6275ms
[debug]   Load.apply: load took 217.8269ms
[debug]   Load.apply: resolveProjects took 3.3093ms
[debug]   Load.apply: finalTransforms took 29.3872ms
[debug]   Load.apply: config.delegates took 3.7794ms
[debug]   Load.apply: Def.make(settings)... took 210.0634ms
[debug]   Load.apply: structureIndex took 50.6149ms
[debug]   Load.apply: mkStreams took 1.3366ms
[info] loading global plugins from C:\Users\mobina\.sbt\1.0\plugins
[debug] Running task... Cancel: Signal, check cycles: false, forcegc: true
[debug] Load.defaultLoad until apply took 2533.8977ms
[debug]           Load.loadUnit: plugins took 12.5613ms
[debug]           Load.loadUnit: defsScala took 0.0017ms
[debug] [Loading] Scanning directory D:\sample project\ScalaSampleCode\project
[debug]             Load.loadUnit: mkEval took 4.7692ms
[debug] [Loading] Found non-root projects 
[debug] [Loading] Done in D:\sample project\ScalaSampleCode\project, returning: ()
[debug] deducing auto plugins based on known facts Set(Atom(sbt.plugins.CorePlugin)) and clauses Clauses(Clause(Atom(sbt.plugins.JvmPlugin),Set(Atom(sbt.plugins.IvyPlugin)))
[debug] Clause(Atom(sbt.ScriptedPlugin),Set(Atom(sbt.plugins.JvmPlugin)))
[debug] Clause(Atom(sbt.plugins.SbtPlugin),Set(Atom(sbt.ScriptedPlugin)))
[debug] Clause(Atom(sbt.plugins.SemanticdbPlugin),Set(Atom(sbt.plugins.JvmPlugin)))
[debug] Clause(Atom(sbt.plugins.JUnitXmlReportPlugin),Set(Atom(sbt.plugins.JvmPlugin)))
[debug] Clause(Atom(sbt.plugins.MiniDependencyTreePlugin),Set(Atom(sbt.plugins.JvmPlugin)))
[debug] Clause(Atom(sbt.plugins.CorePlugin),Set(Atom(sbt.plugins.IvyPlugin)))
[debug] Clause(Atom(sbt.plugins.IvyPlugin),Set(Atom(sbt.plugins.JvmPlugin)))
[debug] Clause(Atom(sbt.plugins.JvmPlugin),Set(Atom(sbt.plugins.SemanticdbPlugin)))
[debug] Clause(Atom(sbt.plugins.JvmPlugin),Set(Atom(sbt.plugins.JUnitXmlReportPlugin)))
[debug] Clause(Atom(sbt.plugins.CorePlugin),Set(Atom(sbt.plugins.Giter8TemplatePlugin)))
[debug] Clause(Atom(sbt.plugins.JvmPlugin),Set(Atom(sbt.plugins.MiniDependencyTreePlugin))))
[debug]   :: deduced result: Matched(sbt.plugins.CorePlugin,sbt.plugins.Giter8TemplatePlugin,sbt.plugins.IvyPlugin,sbt.plugins.JvmPlugin,sbt.plugins.MiniDependencyTreePlugin,sbt.plugins.JUnitXmlReportPlugin,sbt.plugins.SemanticdbPlugin)
[debug] Plugins.deducer#function took 0.995 ms
[info] loading settings for project scalasamplecode-build from idea1.sbt ...
[debug]               Load.resolveProject(scalasamplecode-build) took 1.4509ms
[debug]             Load.loadTransitive: finalizeProject(Project(id scalasamplecode-build, base: D:\sample project\ScalaSampleCode\project, plugins: List(<none>))) took 2.8452ms
[debug] [Loading] Done in D:\sample project\ScalaSampleCode\project, returning: (scalasamplecode-build)
[debug]           Load.loadUnit: loadedProjectsRaw took 81.3924ms
[debug]           Load.loadUnit: cleanEvalClasses took 2.1291ms
[debug]         Load.loadUnit(file:/D:/sample%20project/ScalaSampleCode/project/, ...) took 96.5104ms
[debug]       Load.apply: load took 97.142ms
[debug]       Load.apply: resolveProjects took 0.0534ms
[debug]       Load.apply: finalTransforms took 4.2521ms
[debug]       Load.apply: config.delegates took 0.1574ms
[debug]       Load.apply: Def.make(settings)... took 41.0223ms
[debug]       Load.apply: structureIndex took 13.1397ms
[debug]       Load.apply: mkStreams took 0.0026ms
[info] loading project definition from D:\sample project\ScalaSampleCode\project
[debug] Running task... Cancel: Signal, check cycles: false, forcegc: true
[warn] Unrecognized repository Scala Plugin Bundled Repository, ignoring it
[warn] Unrecognized repository Scala Plugin Bundled Repository, ignoring it
[debug]     Load.loadUnit: plugins took 338.8799ms
[debug]     Load.loadUnit: defsScala took 0.0015ms
[debug] [Loading] Scanning directory D:\sample project\ScalaSampleCode
[debug]       Load.loadUnit: mkEval took 0.1585ms
[debug] [Loading] Found non-root projects 
[debug] [Loading] Done in D:\sample project\ScalaSampleCode, returning: ()
[debug] deducing auto plugins based on known facts Set(Atom(sbt.plugins.CorePlugin)) and clauses Clauses(Clause(Atom(sbt.plugins.JvmPlugin),Set(Atom(sbt.plugins.IvyPlugin)))
[debug] Clause(Atom(sbt.ScriptedPlugin),Set(Atom(sbt.plugins.JvmPlugin)))
[debug] Clause(Atom(sbt.plugins.SbtPlugin),Set(Atom(sbt.ScriptedPlugin)))
[debug] Clause(Atom(sbt.plugins.SemanticdbPlugin),Set(Atom(sbt.plugins.JvmPlugin)))
[debug] Clause(Atom(sbt.plugins.JUnitXmlReportPlugin),Set(Atom(sbt.plugins.JvmPlugin)))
[debug] Clause(Atom(sbt.plugins.MiniDependencyTreePlugin),Set(Atom(sbt.plugins.JvmPlugin)))
[debug] Clause(Atom(org.jetbrains.sbt.StructurePlugin),Set(Atom(sbt.plugins.JvmPlugin)))
[debug] Clause(Atom(org.jetbrains.sbt.IdeaShellPlugin),Set(Atom(sbt.plugins.JvmPlugin)))
[debug] Clause(Atom(org.jetbrains.sbt.indices.SbtIntellijIndicesPlugin),Set(Atom(sbt.plugins.JvmPlugin)))
[debug] Clause(Atom(sbt.plugins.CorePlugin),Set(Atom(sbt.plugins.IvyPlugin)))
[debug] Clause(Atom(sbt.plugins.IvyPlugin),Set(Atom(sbt.plugins.JvmPlugin)))
[debug] Clause(Atom(sbt.plugins.JvmPlugin),Set(Atom(sbt.plugins.SemanticdbPlugin)))
[debug] Clause(Atom(sbt.plugins.JvmPlugin),Set(Atom(sbt.plugins.JUnitXmlReportPlugin)))
[debug] Clause(Atom(sbt.plugins.CorePlugin),Set(Atom(sbt.plugins.Giter8TemplatePlugin)))
[debug] Clause(Atom(sbt.plugins.JvmPlugin),Set(Atom(sbt.plugins.MiniDependencyTreePlugin)))
[debug] Clause(Atom(sbt.plugins.JvmPlugin),Set(Atom(org.jetbrains.sbt.StructurePlugin)))
[debug] Clause(Atom(sbt.plugins.JvmPlugin),Set(Atom(org.jetbrains.sbt.IdeaShellPlugin)))
[debug] Clause(And(Set(Atom(sbt.plugins.CorePlugin), Atom(sbt.plugins.JvmPlugin))),Set(Atom(org.jetbrains.sbt.indices.SbtIntellijIndicesPlugin))))
[debug]   :: deduced result: Matched(sbt.plugins.CorePlugin,sbt.plugins.Giter8TemplatePlugin,sbt.plugins.IvyPlugin,sbt.plugins.JvmPlugin,sbt.plugins.SemanticdbPlugin,org.jetbrains.sbt.indices.SbtIntellijIndicesPlugin,sbt.plugins.JUnitXmlReportPlugin,org.jetbrains.sbt.IdeaShellPlugin,org.jetbrains.sbt.StructurePlugin,sbt.plugins.MiniDependencyTreePlugin)
[debug] Plugins.deducer#function took 1.1242 ms
[info] loading settings for project scalasamplecode from build.sbt ...
[debug]         Load.resolveProject(scalasamplecode) took 15.8116ms
[debug]       Load.loadTransitive: finalizeProject(Project(id scalasamplecode, base: D:\sample project\ScalaSampleCode, plugins: List(<none>))) took 17.7305ms
[debug] [Loading] Done in D:\sample project\ScalaSampleCode, returning: (scalasamplecode)
[debug]     Load.loadUnit: loadedProjectsRaw took 46.9683ms
[debug]     Load.loadUnit: cleanEvalClasses took 1.7395ms
[debug]   Load.loadUnit(file:/D:/sample%20project/ScalaSampleCode/, ...) took 387.9535ms
[debug] Load.apply: load took 388.7556ms
[debug] Load.apply: resolveProjects took 0.083ms
[debug] Load.apply: finalTransforms took 14.6124ms
[debug] Load.apply: config.delegates took 0.2187ms
[debug] Load.apply: Def.make(settings)... took 27.6738ms
[debug] Load.apply: structureIndex took 10.9014ms
[debug] Load.apply: mkStreams took 0.002ms
[info] set current project to ScalaSampleCode (in build file:/D:/sample%20project/ScalaSampleCode/)
[debug] > Exec(sbtPopOnFailure, None, None)
[debug] > Exec(resumeFromFailure, None, None)
[debug] > Exec(notifyUsersAboutShell, None, None)
[debug] > Exec(iflast shell, None, None)
[debug] > Exec(; set ideaPort in Global := 55995 ; idea-shell, None, None)
[debug] > Exec(set ideaPort in Global := 55995, None, None)
[info] Defining Global / ideaPort
[info] The new value will be used by Compile / compile, Test / compile
[debug] Defining 
[debug] 	Global / ideaPort
[debug] 
[debug] The new value will be used by 
[debug] 	Compile / compile
[debug] 	Test / compile
[info] Reapplying settings...
[info] set current project to ScalaSampleCode (in build file:/D:/sample%20project/ScalaSampleCode/)
[debug] > Exec(idea-shell, None, None)
